TN:
SF:src/index.js
FN:5,genDiff
FNF:1
FNH:1
FNDA:6,genDiff
DA:1,1
DA:2,1
DA:3,1
DA:4,1
DA:5,6
DA:6,6
DA:7,6
DA:8,6
DA:9,6
DA:10,6
DA:11,6
DA:12,6
DA:13,6
DA:14,6
DA:15,6
DA:16,1
DA:17,1
LF:17
LH:17
BRDA:5,0,0,6
BRF:1
BRH:1
end_of_record
TN:
SF:src/parsers.js
FN:3,parse
FNF:1
FNH:1
FNDA:12,parse
DA:1,1
DA:2,1
DA:3,12
DA:4,12
DA:5,12
DA:6,6
DA:7,12
DA:8,12
DA:9,6
DA:10,12
DA:11,0
DA:12,12
DA:13,12
DA:14,1
DA:15,1
LF:15
LH:14
BRDA:3,0,0,12
BRDA:5,1,0,6
BRDA:7,2,0,6
BRDA:8,3,0,6
BRDA:10,4,0,0
BRF:5
BRH:4
end_of_record
TN:
SF:src/utils.js
FN:5,readFile
FN:11,getExtension
FN:16,getDifferentObject
FNF:3
FNH:3
FNDA:12,readFile
FNDA:12,getExtension
FNDA:30,getDifferentObject
DA:1,1
DA:2,1
DA:3,1
DA:4,1
DA:5,12
DA:6,12
DA:7,12
DA:8,12
DA:9,12
DA:10,1
DA:11,12
DA:12,12
DA:13,12
DA:14,12
DA:15,1
DA:16,30
DA:17,30
DA:18,108
DA:19,108
DA:20,108
DA:21,12
DA:22,12
DA:23,12
DA:24,12
DA:25,12
DA:26,12
DA:27,108
DA:28,30
DA:29,30
DA:30,30
DA:31,30
DA:32,30
DA:33,30
DA:34,108
DA:35,24
DA:36,24
DA:37,24
DA:38,24
DA:39,24
DA:40,24
DA:41,108
DA:42,24
DA:43,24
DA:44,24
DA:45,24
DA:46,24
DA:47,24
DA:48,24
DA:49,18
DA:50,18
DA:51,18
DA:52,18
DA:53,18
DA:54,30
DA:55,30
DA:56,30
DA:57,1
DA:58,1
LF:58
LH:58
BRDA:5,0,0,12
BRDA:11,1,0,12
BRDA:16,2,0,30
BRDA:17,3,0,108
BRDA:20,4,0,12
BRDA:26,5,0,96
BRDA:27,6,0,30
BRDA:33,7,0,66
BRDA:34,8,0,30
BRDA:34,9,0,24
BRDA:40,10,0,42
BRDA:41,11,0,24
BRDA:48,12,0,18
BRF:13
BRH:13
end_of_record
TN:
SF:src/formatters/index.js
FN:4,makeFormat
FNF:1
FNH:1
FNDA:6,makeFormat
DA:1,1
DA:2,1
DA:3,1
DA:4,1
DA:5,6
DA:6,6
DA:7,2
DA:8,6
DA:9,2
DA:10,6
DA:11,2
DA:12,6
DA:13,0
DA:14,6
DA:15,6
LF:15
LH:14
BRDA:4,0,0,6
BRDA:6,1,0,2
BRDA:8,2,0,2
BRDA:10,3,0,2
BRDA:12,4,0,0
BRF:5
BRH:4
end_of_record
TN:
SF:src/formatters/plain.js
FN:1,getString
FN:18,getPlain
FN:19,iter
FNF:3
FNH:3
FNDA:26,getString
FNDA:2,getPlain
FNDA:10,iter
DA:1,26
DA:2,26
DA:3,26
DA:4,8
DA:5,26
DA:6,14
DA:7,26
DA:8,4
DA:9,26
DA:10,26
DA:11,1
DA:12,1
DA:13,1
DA:14,1
DA:15,1
DA:16,1
DA:17,1
DA:18,2
DA:19,2
DA:20,10
DA:21,36
DA:22,36
DA:23,4
DA:24,4
DA:25,36
DA:26,10
DA:27,10
DA:28,36
DA:29,8
DA:30,8
DA:31,36
DA:32,8
DA:33,8
DA:34,6
DA:35,10
DA:36,10
DA:37,10
DA:38,2
DA:39,2
DA:40,1
DA:41,1
LF:41
LH:41
BRDA:1,0,0,26
BRDA:3,1,0,8
BRDA:4,2,0,2
BRDA:4,3,0,6
BRDA:5,4,0,14
BRDA:7,5,0,4
BRDA:18,6,0,2
BRDA:19,7,0,10
BRDA:20,8,0,36
BRDA:22,9,0,4
BRDA:24,10,0,32
BRDA:25,11,0,10
BRDA:27,12,0,22
BRDA:28,13,0,8
BRDA:30,14,0,14
BRDA:31,15,0,8
BRDA:33,16,0,6
BRDA:36,17,0,36
BRF:18
BRH:18
end_of_record
TN:
SF:src/formatters/stylish.js
FN:9,getSpace
FN:20,stringify
FN:21,iter
FN:31,getStylish
FN:32,iter
FNF:5
FNH:5
FNDA:86,getSpace
FNDA:36,stringify
FNDA:54,iter
FNDA:2,getStylish
FNDA:10,iter
DA:1,1
DA:2,1
DA:3,1
DA:4,1
DA:5,1
DA:6,1
DA:7,1
DA:8,1
DA:9,86
DA:10,86
DA:11,86
DA:12,24
DA:13,24
DA:14,86
DA:15,0
DA:16,0
DA:17,62
DA:18,62
DA:19,1
DA:20,36
DA:21,36
DA:22,54
DA:23,40
DA:24,40
DA:25,14
DA:26,14
DA:27,14
DA:28,36
DA:29,36
DA:30,1
DA:31,1
DA:32,2
DA:33,10
DA:34,36
DA:35,36
DA:36,4
DA:37,36
DA:38,10
DA:39,36
DA:40,8
DA:41,36
DA:42,8
DA:43,36
DA:44,6
DA:45,36
DA:46,10
DA:47,10
DA:48,2
DA:49,2
DA:50,2
LF:50
LH:48
BRDA:9,0,0,86
BRDA:11,1,0,24
BRDA:13,2,0,62
BRDA:14,3,0,8
BRDA:14,4,0,0
BRDA:16,5,0,62
BRDA:20,6,0,36
BRDA:21,7,0,54
BRDA:22,8,0,40
BRDA:24,9,0,14
BRDA:25,10,0,18
BRDA:31,11,0,2
BRDA:32,12,0,10
BRDA:33,13,0,36
BRDA:35,14,0,4
BRDA:37,15,0,10
BRDA:39,16,0,8
BRDA:41,17,0,8
BRDA:43,18,0,6
BRF:19
BRH:18
end_of_record
